

<!DOCTYPE html>
<html>
<head>
<meta charset="UTF-8">
<meta name="viewport" content="width=device-width, initial-scale=1, shrink-to-fit=no">
<title>Hooks Testing</title>
<link rel="apple-touch-icon" href="https://cdn.jsdelivr.net/gh/extent-framework/extent-github-cdn@b00a2d0486596e73dd7326beacf352c639623a0e/commons/img/logo.png">
<link rel="shortcut icon" href="https://cdn.jsdelivr.net/gh/extent-framework/extent-github-cdn@b00a2d0486596e73dd7326beacf352c639623a0e/commons/img/logo.png">
<link href="https://cdn.jsdelivr.net/gh/extent-framework/extent-github-cdn@ce8b10435bcbae260c334c0d0c6b61d2c19b6168/spark/css/spark-style.css" rel="stylesheet" />
<link href="https://stackpath.bootstrapcdn.com/font-awesome/4.7.0/css/font-awesome.min.css" rel="stylesheet">
<script src="https://cdn.jsdelivr.net/gh/extent-framework/extent-github-cdn@7cc78ce/spark/js/jsontree.js"></script>
<style type="text/css"></style></head><body class="spa bdd-report standard">
  <div class="app">
    <div class="layout">
<div class="header navbar">
<div class="vheader">
<div class="nav-logo">
<a href="#">
<div class="logo" style="background-image: url('https://cdn.jsdelivr.net/gh/extent-framework/extent-github-cdn@b00a2d0486596e73dd7326beacf352c639623a0e/commons/img/logo.png')"></div>
</a>
</div>
<ul class="nav-left">
<li class="search-box">
<a class="search-toggle" href="#">
<i class="search-icon fa fa-search"></i>
<i class="search-icon-close fa fa-close"></i>
</a>
</li>
<li class="search-input"><input id="search-tests" class="form-control" type="text" placeholder="Search..."></li>
</ul>
<ul class="nav-right">
<li class="m-r-10">
<a href="#"><span class="badge badge-primary">Automation Test</span></a>
</li>
<li class="m-r-10">
<a href="#"><span class="badge badge-primary">Mar 06, 2024 10:21:18</span></a>
</li>
</ul>
</div>
</div><div class="side-nav">
<div class="side-nav-inner">
<ul class="side-nav-menu">
<li class="nav-item dropdown" onclick="toggleView('dashboard-view')">
<a id="nav-dashboard" class="dropdown-toggle" href="#">
<span class="ico"><i class="fa fa-bar-chart"></i></span>
</a>
</li>
<li class="nav-item dropdown" onclick="toggleView('test-view')">
<a id="nav-test" class="dropdown-toggle" href="#">
<span class="ico"><i class="fa fa-list"></i></span>
</a>
</li>
<li class="nav-item dropdown" onclick="toggleView('category-view')">
<a id="nav-category" class="dropdown-toggle" href="#">
<span class="ico"><i class="fa fa-tag"></i></span>
</a>
</li>
<li class="nav-item dropdown" onclick="toggleView('exception-view')">
<a id="nav-exception" class="dropdown-toggle" href="#">
<span class="ico"><i class="fa fa-bug"></i></span>
</a>
</li>
</ul>
</div>
</div>      <div class="vcontainer">
        <div class="main-content">
<div class="container-fluid p-4 view dashboard-view">
<div class="row">
<div class="col-md-3">
<div class="card"><div class="card-body">
<p class="m-b-0">Started</p>
<h3>Mar 06, 2024 10:21:18</h3>
</div></div>
</div>
<div class="col-md-3">
<div class="card"><div class="card-body">
<p class="m-b-0">Ended</p>
<h3>Mar 06, 2024 10:22:28</h3>
</div></div>
</div>
<div class="col-md-3">
<div class="card"><div class="card-body">
<p class="m-b-0 text-pass">Features Passed</p>
<h3>0</h3>
</div></div>
</div>
<div class="col-md-3">
<div class="card"><div class="card-body">
<p class="m-b-0 text-fail">Features Failed</p>
<h3>1</h3>
</div></div>
</div>
</div>
<div class="row">
<div class="col-md-4">
<div class="card">
<div class="card-header">
<h6 class="card-title">Features</h6>
</div>
<div class="card-body">
<div class="">
<canvas id='parent-analysis' width='115' height='90'></canvas>
</div>
</div>
<div class="card-footer">
<div><small data-tooltip='0%'>
<b>0</b> features passed
</small>
</div>
<div>
<small data-tooltip='100%'><b>1</b> features failed,
<b>0</b> skipped, <b data-tooltip='0%'>0</b> others
</small>
</div>
</div>
</div>
</div>
<div class="col-md-4">
<div class="card">
<div class="card-header">
<h6 class="card-title">Scenarios</h6>
</div>
<div class="card-body">
<div class="">
<canvas id='child-analysis' width='115' height='90'></canvas>
</div>
</div>
<div class="card-footer">
<div><small data-tooltip='14%'><b>1</b> scenarios passed</small></div>
<div>
<small data-tooltip='85%'><b>6</b> scenarios failed,
<b>0</b> skipped, <b data-tooltip='%'>0</b> others
</small>
</div>
</div>
</div>
</div>
<div class="col-md-4">
<div class="card">
<div class="card-header">
<h6 class="card-title">Steps</h6>
</div>
<div class="card-body">
<div class="">
<canvas id='grandchild-analysis' width='115' height='90'></canvas>
</div>
</div>
<div class="card-footer">
<div><small data-tooltip='54%'><b>20</b> steps passed</small></div>
<div>
<small data-tooltip='16%'><b>6</b> steps failed,
<b>11</b> skipped, <b data-tooltip='%'>0</b> others
</small>
</div>
</div>
</div>
</div>
</div>
<div class="row"><div class="col-md-12">
<div class="card"><div class="card-header"><p>Timeline</p></div>
<div class="card-body pt-0"><div>
<canvas id="timeline" height="120"></canvas>
</div></div>
</div>
</div></div>
<script>
var timeline = {
"Add to Cart, View Detail Cart, Edit Cart and Delete Cart":68.884
};
</script>
<div class="row">
<div class="col-lg-6 col-md-12 category-container">
<div class="card">
<div class="card-header"><p>Tags</p></div>
<div class="card-body pb-0 pt-0"><table class="table table-sm table-bordered">
<thead><tr class="bg-gray"><th>Name</th><th>Passed</th><th>Failed</th><th>Skipped</th><th>Others</th><th>Passed %</th></tr></thead><tbody>
<tr>
<td>@cart</td>
<td>1</td>
<td>6</td>
<td>0</td>
<td>0</td>
<td>14.286%</td>
</tr>
<tr>
<td>@All</td>
<td>1</td>
<td>6</td>
<td>0</td>
<td>0</td>
<td>14.286%</td>
</tr>
<tr>
<td>@positive</td>
<td>0</td>
<td>3</td>
<td>0</td>
<td>0</td>
<td>0%</td>
</tr>
<tr>
<td>@negative</td>
<td>1</td>
<td>2</td>
<td>0</td>
<td>0</td>
<td>33.333%</td>
</tr>
<tr>
<td>@edit</td>
<td>0</td>
<td>2</td>
<td>0</td>
<td>0</td>
<td>0%</td>
</tr>
<tr>
<td>@view</td>
<td>0</td>
<td>1</td>
<td>0</td>
<td>0</td>
<td>0%</td>
</tr>
<tr>
<td>@delete</td>
<td>0</td>
<td>2</td>
<td>0</td>
<td>0</td>
<td>0%</td>
</tr>
<tr>
<td>@add</td>
<td>1</td>
<td>1</td>
<td>0</td>
<td>0</td>
<td>50%</td>
</tr>
</tbody>
</table></div>
</div>
</div>
<div class="col-lg-6 col-md-12 sysenv-container">
<div class="card">
<div class="card-header"><p>System/Environment</p></div>
<div class="card-body pb-0 pt-0"><table class="table table-sm table-bordered">
<thead><tr class="bg-gray"><th>Name</th><th>Value</th></tr></thead>
<tbody>
<tr>
<td>Engineer</td>
<td>Aurellia Az</td>
</tr>
<tr>
<td>Project</td>
<td>Magento</td>
</tr>
<tr>
<td>Browser</td>
<td>Google Chrome</td>
</tr>
<tr>
<td>OS</td>
<td>windows</td>
</tr>
</tbody>
</table></div>
</div>
</div>
</div>
</div>
<script>
var statusGroup = {
parentCount: 5,
passParent: 0,
failParent: 1,
warningParent: 0,
skipParent: 0,
childCount: 5,
passChild: 1,
failChild: 6,
warningChild: 0,
skipChild: 0,
infoChild: 0,
grandChildCount: 5,
passGrandChild: 20,
failGrandChild: 6,
warningGrandChild: 0,
skipGrandChild: 11,
infoGrandChild: 0,
eventsCount: 5,
};
</script><div class="test-wrapper row view test-view">
  <div class="test-list">
    <div class="test-list-tools">
<ul class="tools pull-left">
<li><a href="#"><span class="font-size-14">Tests</span></a></li>
</ul>
<ul class="tools text-right">
<li class="dropdown">
<a href="#" class="dropdown-toggle" data-toggle="dropdown"><i class="fa fa-exclamation-circle"></i></a>
<ul id="status-toggle" class="dropdown-menu dropdown-md p-v-0">
<a class="dropdown-item" status="fail" href="#"><span>Fail</span><span class="status danger"></span></a>
<div class="dropdown-divider"></div>
<a status="clear" class="dropdown-item" href="#"><span>Clear</span><span class="pull-right"><i class="fa fa-close"></i></span></a>
</ul>
</li>
<li class="dropdown">
<a href="#" class="dropdown-toggle" data-toggle="dropdown"><i class="fa fa-tag"></i></a>
<ul id="tag-toggle" class="dropdown-menu dropdown-md p-v-0">
<a class="dropdown-item" href="#">@cart</a><a class="dropdown-item" href="#">@All</a><a class="dropdown-item" href="#">@positive</a><a class="dropdown-item" href="#">@negative</a><a class="dropdown-item" href="#">@edit</a><a class="dropdown-item" href="#">@view</a><a class="dropdown-item" href="#">@delete</a><a class="dropdown-item" href="#">@add</a>
</ul>
</li>
</ul>
</div>    <div class="test-list-wrapper scrollable">
      <ul class="test-list-item">
        <li class="test-item"  status="fail" test-id="1"
          author=""
          tag=""
          device="">
          <div class="test-detail">
            <p class="name">Add to Cart, View Detail Cart, Edit Cart and Delete Cart</p>
            <p class="text-sm">
              <span>10:21:19 am</span> / <span>00:01:08:884</span>
              <span class="badge fail-bg log float-right">Fail</span>
            </p>
          </div>
          <div class="test-contents d-none">
<div class="detail-head">
<div class="p-v-10">
<div class="info">
<h5 class="test-status text-fail">Add to Cart, View Detail Cart, Edit Cart and Delete Cart</h5>
<span class='badge badge-success'>03.06.2024 10:21:19 am</span>
<span class='badge badge-danger'>03.06.2024 10:22:28 am</span>
<span class='badge badge-default'>00:01:08:884</span>
&middot; <span class='uri-anchor badge badge-default'>#test-id=1</span>
<span title='Skip to the next failed step' class='badge badge-danger pointer float-right ne ml-1'><i class="fa fa-fast-forward"></i></span>
<span title='Collapse all nodes' class='badge badge-default pointer float-right ct ml-1'><i class="fa fa-compress"></i></span>
<span title='Expand all nodes' class='badge badge-default pointer float-right et'><i class="fa fa-expand"></i></span>
</div>
<div class="m-t-10 m-l-5"></div>
</div>
</div>
<div class="accordion mt-4">
  <div class="card">
    <div class="card-header" role="tab">
      <div class="card-title">
        <div class="node" id="2"><span class="badge log fail-bg mr-2">Fail</span>User successfully add product to cart</div>
      </div>
    </div>
        <div class="">
          <div class="card-body">
              <div class="step pass-bg" title="Hooks.HooksCart.user_in_homepage()">
                <span>Given User in homepage</span>
      <div>
      </div>
              </div>
              <div class="step pass-bg" title="Hooks.HooksCart.user_go_to_selected_menu_page()">
                <span>Then User go to selected menu page</span>
      <div>
      </div>
              </div>
              <div class="step pass-bg" title="Hooks.HooksCart.user_go_to_selected_category()">
                <span>Then User go to selected category</span>
      <div>
      </div>
              </div>
              <div class="step pass-bg" title="Hooks.HooksCart.user_choose_product_and_option()">
                <span>Then User choose product and option</span>
      <div>
      </div>
              </div>
              <div class="step fail-bg" title="Hooks.HooksCart.user_click_button_add_to_cart()">
                <span>And User click button add to Cart</span>
      <div>
        <textarea disabled class="code-block">org.openqa.selenium.ElementNotInteractableException: element not interactable
  (Session info: chrome=122.0.6261.95)
Build info: version: '4.18.1', revision: 'b1d3319b48'
System info: os.name: 'Windows 10', os.arch: 'amd64', os.version: '10.0', java.version: '21.0.1'
Driver info: org.openqa.selenium.chrome.ChromeDriver
Command: [ef68702fef768227110368a6bd51d2d1, clickElement {id=f.CDE7FE2DC1FB2D06AFB54FDACC5C8E58.d.8867C33C6CA7E66F054B4B8387050DBC.e.7303}]
Capabilities {acceptInsecureCerts: false, browserName: chrome, browserVersion: 122.0.6261.95, chrome: {chromedriverVersion: 122.0.6261.94 (880dbf29479c..., userDataDir: C:\Users\personal\AppData\L...}, fedcm:accounts: true, goog:chromeOptions: {debuggerAddress: localhost:56796}, networkConnectionEnabled: false, pageLoadStrategy: normal, platformName: windows, proxy: Proxy(), se:cdp: ws://localhost:56796/devtoo..., se:cdpVersion: 122.0.6261.95, setWindowRect: true, strictFileInteractability: false, timeouts: {implicit: 0, pageLoad: 300000, script: 30000}, unhandledPromptBehavior: dismiss and notify, webauthn:extension:credBlob: true, webauthn:extension:largeBlob: true, webauthn:extension:minPinLength: true, webauthn:extension:prf: true, webauthn:virtualAuthenticators: true}
Element: [[ChromeDriver: chrome on windows (ef68702fef768227110368a6bd51d2d1)] -> xpath: //li[1]//div[1]//div[1]//div[3]//div[1]//div[1]//form[1]//button[1]//span[1]]
Session ID: ef68702fef768227110368a6bd51d2d1
	at java.base/jdk.internal.reflect.DirectConstructorHandleAccessor.newInstance(DirectConstructorHandleAccessor.java:62)
	at java.base/java.lang.reflect.Constructor.newInstanceWithCaller(Constructor.java:502)
	at java.base/java.lang.reflect.Constructor.newInstance(Constructor.java:486)
	at org.openqa.selenium.remote.ErrorCodec.decode(ErrorCodec.java:167)
	at org.openqa.selenium.remote.codec.w3c.W3CHttpResponseCodec.decode(W3CHttpResponseCodec.java:138)
	at org.openqa.selenium.remote.codec.w3c.W3CHttpResponseCodec.decode(W3CHttpResponseCodec.java:50)
	at org.openqa.selenium.remote.HttpCommandExecutor.execute(HttpCommandExecutor.java:190)
	at org.openqa.selenium.remote.service.DriverCommandExecutor.invokeExecute(DriverCommandExecutor.java:216)
	at org.openqa.selenium.remote.service.DriverCommandExecutor.execute(DriverCommandExecutor.java:174)
	at org.openqa.selenium.remote.RemoteWebDriver.execute(RemoteWebDriver.java:519)
	at org.openqa.selenium.remote.RemoteWebElement.execute(RemoteWebElement.java:223)
	at org.openqa.selenium.remote.RemoteWebElement.click(RemoteWebElement.java:76)
	at Hooks.HooksCart.user_click_button_add_to_cart(HooksCart.java:61)
	at ✽.User click button add to Cart(file:///D:/QA-Portfolio/src/test/resources/features/Cart.feature:10)
</textarea>
      
      </div>
              </div>
              <div class="step skip-bg" title="Hooks.HooksCart.user_get_alert_success_add_to_cart()">
                <span>Then User get alert success add to Cart</span>
      <div>Step skipped
      </div>
              </div>
          </div>
        </div>
  </div>
  <div class="card">
    <div class="card-header" role="tab">
      <div class="card-title">
        <div class="node" id="11"><span class="badge log pass-bg mr-2">Pass</span>User failed add product to cart - Didn't choose option</div>
      </div>
    </div>
        <div class="collapse">
          <div class="card-body">
              <div class="step pass-bg" title="Hooks.HooksCart.user_in_homepage()">
                <span>Given User in homepage</span>
      <div>
      </div>
              </div>
              <div class="step pass-bg" title="Hooks.HooksCart.user_go_to_selected_menu_page()">
                <span>Then User go to selected menu page</span>
      <div>
      </div>
              </div>
              <div class="step pass-bg" title="Hooks.HooksCart.user_go_to_selected_category()">
                <span>Then User go to selected category</span>
      <div>
      </div>
              </div>
              <div class="step pass-bg" title="Hooks.HooksCart.user_choose_product()">
                <span>Then User choose product</span>
      <div>
      </div>
              </div>
              <div class="step pass-bg" title="Hooks.HooksCart.user_click_button_add_to_cart()">
                <span>And User click button add to Cart</span>
      <div>
      </div>
              </div>
              <div class="step pass-bg" title="Hooks.HooksCart.user_get_alert_you_need_to_choose_options_for_your_item()">
                <span>Then User get alert You need to choose options for your item</span>
      <div>
      </div>
              </div>
          </div>
        </div>
  </div>
  <div class="card">
    <div class="card-header" role="tab">
      <div class="card-title">
        <div class="node" id="20"><span class="badge log fail-bg mr-2">Fail</span>User view detail cart</div>
      </div>
    </div>
        <div class="">
          <div class="card-body">
              <div class="step pass-bg" title="Hooks.HooksCart.user_in_homepage()">
                <span>Given User in homepage</span>
      <div>
      </div>
              </div>
              <div class="step pass-bg" title="Hooks.HooksCart.user_click_button_cart()">
                <span>Then User click button Cart</span>
      <div>
      </div>
              </div>
              <div class="step fail-bg" title="Hooks.HooksCart.user_click_button_view_and_edit_cart()">
                <span>And User click button View and Edit Cart</span>
      <div>
        <textarea disabled class="code-block">org.openqa.selenium.NoSuchElementException: no such element: Unable to locate element: {"method":"xpath","selector":"//span[normalize-space()='View and Edit Cart']"}
  (Session info: chrome=122.0.6261.95)
For documentation on this error, please visit: https://www.selenium.dev/documentation/webdriver/troubleshooting/errors#no-such-element-exception
Build info: version: '4.18.1', revision: 'b1d3319b48'
System info: os.name: 'Windows 10', os.arch: 'amd64', os.version: '10.0', java.version: '21.0.1'
Driver info: org.openqa.selenium.chrome.ChromeDriver
Command: [930324c88c7c84ef3211aaa9701ea022, findElement {using=xpath, value=//span[normalize-space()='View and Edit Cart']}]
Capabilities {acceptInsecureCerts: false, browserName: chrome, browserVersion: 122.0.6261.95, chrome: {chromedriverVersion: 122.0.6261.94 (880dbf29479c..., userDataDir: C:\Users\personal\AppData\L...}, fedcm:accounts: true, goog:chromeOptions: {debuggerAddress: localhost:56870}, networkConnectionEnabled: false, pageLoadStrategy: normal, platformName: windows, proxy: Proxy(), se:cdp: ws://localhost:56870/devtoo..., se:cdpVersion: 122.0.6261.95, setWindowRect: true, strictFileInteractability: false, timeouts: {implicit: 0, pageLoad: 300000, script: 30000}, unhandledPromptBehavior: dismiss and notify, webauthn:extension:credBlob: true, webauthn:extension:largeBlob: true, webauthn:extension:minPinLength: true, webauthn:extension:prf: true, webauthn:virtualAuthenticators: true}
Session ID: 930324c88c7c84ef3211aaa9701ea022
	at java.base/jdk.internal.reflect.DirectConstructorHandleAccessor.newInstance(DirectConstructorHandleAccessor.java:62)
	at java.base/java.lang.reflect.Constructor.newInstanceWithCaller(Constructor.java:502)
	at java.base/java.lang.reflect.Constructor.newInstance(Constructor.java:486)
	at org.openqa.selenium.remote.ErrorCodec.decode(ErrorCodec.java:167)
	at org.openqa.selenium.remote.codec.w3c.W3CHttpResponseCodec.decode(W3CHttpResponseCodec.java:138)
	at org.openqa.selenium.remote.codec.w3c.W3CHttpResponseCodec.decode(W3CHttpResponseCodec.java:50)
	at org.openqa.selenium.remote.HttpCommandExecutor.execute(HttpCommandExecutor.java:190)
	at org.openqa.selenium.remote.service.DriverCommandExecutor.invokeExecute(DriverCommandExecutor.java:216)
	at org.openqa.selenium.remote.service.DriverCommandExecutor.execute(DriverCommandExecutor.java:174)
	at org.openqa.selenium.remote.RemoteWebDriver.execute(RemoteWebDriver.java:519)
	at org.openqa.selenium.remote.ElementLocation$ElementFinder$2.findElement(ElementLocation.java:165)
	at org.openqa.selenium.remote.ElementLocation.findElement(ElementLocation.java:59)
	at org.openqa.selenium.remote.RemoteWebDriver.findElement(RemoteWebDriver.java:356)
	at org.openqa.selenium.remote.RemoteWebDriver.findElement(RemoteWebDriver.java:350)
	at Hooks.HooksCart.user_click_button_view_and_edit_cart(HooksCart.java:125)
	at ✽.User click button View and Edit Cart(file:///D:/QA-Portfolio/src/test/resources/features/Cart.feature:26)
</textarea>
      
      </div>
              </div>
              <div class="step skip-bg" title="Hooks.HooksCart.user_redirect_to_cart_page()">
                <span>Then User redirect to Cart Page</span>
      <div>Step skipped
      </div>
              </div>
          </div>
        </div>
  </div>
  <div class="card">
    <div class="card-header" role="tab">
      <div class="card-title">
        <div class="node" id="27"><span class="badge log fail-bg mr-2">Fail</span>User success edit cart</div>
      </div>
    </div>
        <div class="">
          <div class="card-body">
              <div class="step pass-bg" title="Hooks.HooksCart.user_in_homepage()">
                <span>Given User in homepage</span>
      <div>
      </div>
              </div>
              <div class="step pass-bg" title="Hooks.HooksCart.user_click_button_cart()">
                <span>Then User click button Cart</span>
      <div>
      </div>
              </div>
              <div class="step fail-bg" title="Hooks.HooksCart.user_click_button_edit_product()">
                <span>And User click button Edit product</span>
      <div>
        <textarea disabled class="code-block">org.openqa.selenium.NoSuchElementException: no such element: Unable to locate element: {"method":"xpath","selector":"//li[@class='item product product-item odd last']//a[@title='Edit item']"}
  (Session info: chrome=122.0.6261.95)
For documentation on this error, please visit: https://www.selenium.dev/documentation/webdriver/troubleshooting/errors#no-such-element-exception
Build info: version: '4.18.1', revision: 'b1d3319b48'
System info: os.name: 'Windows 10', os.arch: 'amd64', os.version: '10.0', java.version: '21.0.1'
Driver info: org.openqa.selenium.chrome.ChromeDriver
Command: [f426525c18d4785f14d6f3cedd8b7348, findElement {using=xpath, value=//li[@class='item product product-item odd last']//a[@title='Edit item']}]
Capabilities {acceptInsecureCerts: false, browserName: chrome, browserVersion: 122.0.6261.95, chrome: {chromedriverVersion: 122.0.6261.94 (880dbf29479c..., userDataDir: C:\Users\personal\AppData\L...}, fedcm:accounts: true, goog:chromeOptions: {debuggerAddress: localhost:56909}, networkConnectionEnabled: false, pageLoadStrategy: normal, platformName: windows, proxy: Proxy(), se:cdp: ws://localhost:56909/devtoo..., se:cdpVersion: 122.0.6261.95, setWindowRect: true, strictFileInteractability: false, timeouts: {implicit: 0, pageLoad: 300000, script: 30000}, unhandledPromptBehavior: dismiss and notify, webauthn:extension:credBlob: true, webauthn:extension:largeBlob: true, webauthn:extension:minPinLength: true, webauthn:extension:prf: true, webauthn:virtualAuthenticators: true}
Session ID: f426525c18d4785f14d6f3cedd8b7348
	at java.base/jdk.internal.reflect.DirectConstructorHandleAccessor.newInstance(DirectConstructorHandleAccessor.java:62)
	at java.base/java.lang.reflect.Constructor.newInstanceWithCaller(Constructor.java:502)
	at java.base/java.lang.reflect.Constructor.newInstance(Constructor.java:486)
	at org.openqa.selenium.remote.ErrorCodec.decode(ErrorCodec.java:167)
	at org.openqa.selenium.remote.codec.w3c.W3CHttpResponseCodec.decode(W3CHttpResponseCodec.java:138)
	at org.openqa.selenium.remote.codec.w3c.W3CHttpResponseCodec.decode(W3CHttpResponseCodec.java:50)
	at org.openqa.selenium.remote.HttpCommandExecutor.execute(HttpCommandExecutor.java:190)
	at org.openqa.selenium.remote.service.DriverCommandExecutor.invokeExecute(DriverCommandExecutor.java:216)
	at org.openqa.selenium.remote.service.DriverCommandExecutor.execute(DriverCommandExecutor.java:174)
	at org.openqa.selenium.remote.RemoteWebDriver.execute(RemoteWebDriver.java:519)
	at org.openqa.selenium.remote.ElementLocation$ElementFinder$2.findElement(ElementLocation.java:165)
	at org.openqa.selenium.remote.ElementLocation.findElement(ElementLocation.java:59)
	at org.openqa.selenium.remote.RemoteWebDriver.findElement(RemoteWebDriver.java:356)
	at org.openqa.selenium.remote.RemoteWebDriver.findElement(RemoteWebDriver.java:350)
	at Hooks.HooksCart.user_click_button_edit_product(HooksCart.java:140)
	at ✽.User click button Edit product(file:///D:/QA-Portfolio/src/test/resources/features/Cart.feature:33)
</textarea>
      
      </div>
              </div>
              <div class="step skip-bg" title="Hooks.HooksCart.user_choose_new_option()">
                <span>Then User choose new option</span>
      <div>Step skipped
      </div>
              </div>
              <div class="step skip-bg" title="Hooks.HooksCart.user_click_button_update_cart()">
                <span>And User click button Update Cart</span>
      <div>Step skipped
      </div>
              </div>
              <div class="step skip-bg" title="Hooks.HooksCart.user_get_alert_success_updated_shopping_cart()">
                <span>Then User get alert success updated shopping cart</span>
      <div>Step skipped
      </div>
              </div>
          </div>
        </div>
  </div>
  <div class="card">
    <div class="card-header" role="tab">
      <div class="card-title">
        <div class="node" id="36"><span class="badge log fail-bg mr-2">Fail</span>User failed edit cart - Didn't choose option</div>
      </div>
    </div>
        <div class="">
          <div class="card-body">
              <div class="step pass-bg" title="Hooks.HooksCart.user_in_homepage()">
                <span>Given User in homepage</span>
      <div>
      </div>
              </div>
              <div class="step pass-bg" title="Hooks.HooksCart.user_click_button_cart()">
                <span>Then User click button Cart</span>
      <div>
      </div>
              </div>
              <div class="step fail-bg" title="Hooks.HooksCart.user_click_button_edit_product()">
                <span>And User click button Edit product</span>
      <div>
        <textarea disabled class="code-block">org.openqa.selenium.NoSuchElementException: no such element: Unable to locate element: {"method":"xpath","selector":"//li[@class='item product product-item odd last']//a[@title='Edit item']"}
  (Session info: chrome=122.0.6261.95)
For documentation on this error, please visit: https://www.selenium.dev/documentation/webdriver/troubleshooting/errors#no-such-element-exception
Build info: version: '4.18.1', revision: 'b1d3319b48'
System info: os.name: 'Windows 10', os.arch: 'amd64', os.version: '10.0', java.version: '21.0.1'
Driver info: org.openqa.selenium.chrome.ChromeDriver
Command: [9ca552de0ed15be22cf627bacc6ebc89, findElement {using=xpath, value=//li[@class='item product product-item odd last']//a[@title='Edit item']}]
Capabilities {acceptInsecureCerts: false, browserName: chrome, browserVersion: 122.0.6261.95, chrome: {chromedriverVersion: 122.0.6261.94 (880dbf29479c..., userDataDir: C:\Users\personal\AppData\L...}, fedcm:accounts: true, goog:chromeOptions: {debuggerAddress: localhost:56943}, networkConnectionEnabled: false, pageLoadStrategy: normal, platformName: windows, proxy: Proxy(), se:cdp: ws://localhost:56943/devtoo..., se:cdpVersion: 122.0.6261.95, setWindowRect: true, strictFileInteractability: false, timeouts: {implicit: 0, pageLoad: 300000, script: 30000}, unhandledPromptBehavior: dismiss and notify, webauthn:extension:credBlob: true, webauthn:extension:largeBlob: true, webauthn:extension:minPinLength: true, webauthn:extension:prf: true, webauthn:virtualAuthenticators: true}
Session ID: 9ca552de0ed15be22cf627bacc6ebc89
	at java.base/jdk.internal.reflect.DirectConstructorHandleAccessor.newInstance(DirectConstructorHandleAccessor.java:62)
	at java.base/java.lang.reflect.Constructor.newInstanceWithCaller(Constructor.java:502)
	at java.base/java.lang.reflect.Constructor.newInstance(Constructor.java:486)
	at org.openqa.selenium.remote.ErrorCodec.decode(ErrorCodec.java:167)
	at org.openqa.selenium.remote.codec.w3c.W3CHttpResponseCodec.decode(W3CHttpResponseCodec.java:138)
	at org.openqa.selenium.remote.codec.w3c.W3CHttpResponseCodec.decode(W3CHttpResponseCodec.java:50)
	at org.openqa.selenium.remote.HttpCommandExecutor.execute(HttpCommandExecutor.java:190)
	at org.openqa.selenium.remote.service.DriverCommandExecutor.invokeExecute(DriverCommandExecutor.java:216)
	at org.openqa.selenium.remote.service.DriverCommandExecutor.execute(DriverCommandExecutor.java:174)
	at org.openqa.selenium.remote.RemoteWebDriver.execute(RemoteWebDriver.java:519)
	at org.openqa.selenium.remote.ElementLocation$ElementFinder$2.findElement(ElementLocation.java:165)
	at org.openqa.selenium.remote.ElementLocation.findElement(ElementLocation.java:59)
	at org.openqa.selenium.remote.RemoteWebDriver.findElement(RemoteWebDriver.java:356)
	at org.openqa.selenium.remote.RemoteWebDriver.findElement(RemoteWebDriver.java:350)
	at Hooks.HooksCart.user_click_button_edit_product(HooksCart.java:140)
	at ✽.User click button Edit product(file:///D:/QA-Portfolio/src/test/resources/features/Cart.feature:42)
</textarea>
      
      </div>
              </div>
              <div class="step skip-bg" title="Hooks.HooksCart.user_click_button_update_cart()">
                <span>Then User click button Update Cart</span>
      <div>Step skipped
      </div>
              </div>
              <div class="step skip-bg" title="Hooks.HooksCart.user_get_alert_options_required_field()">
                <span>Then User get alert options required field</span>
      <div>Step skipped
      </div>
              </div>
          </div>
        </div>
  </div>
  <div class="card">
    <div class="card-header" role="tab">
      <div class="card-title">
        <div class="node" id="44"><span class="badge log fail-bg mr-2">Fail</span>User cancel delete product from cart</div>
      </div>
    </div>
        <div class="">
          <div class="card-body">
              <div class="step pass-bg" title="Hooks.HooksCart.user_in_homepage()">
                <span>Given User in homepage</span>
      <div>
      </div>
              </div>
              <div class="step pass-bg" title="Hooks.HooksCart.user_click_button_cart()">
                <span>Then User click button Cart</span>
      <div>
      </div>
              </div>
              <div class="step fail-bg" title="Hooks.HooksCart.user_click_button_delete_product()">
                <span>And User click button delete product</span>
      <div>
        <textarea disabled class="code-block">org.openqa.selenium.NoSuchElementException: no such element: Unable to locate element: {"method":"xpath","selector":"//a[@title='Remove item']"}
  (Session info: chrome=122.0.6261.95)
For documentation on this error, please visit: https://www.selenium.dev/documentation/webdriver/troubleshooting/errors#no-such-element-exception
Build info: version: '4.18.1', revision: 'b1d3319b48'
System info: os.name: 'Windows 10', os.arch: 'amd64', os.version: '10.0', java.version: '21.0.1'
Driver info: org.openqa.selenium.chrome.ChromeDriver
Command: [48eb681b0df2536f2b9f8ae8f1178236, findElement {using=xpath, value=//a[@title='Remove item']}]
Capabilities {acceptInsecureCerts: false, browserName: chrome, browserVersion: 122.0.6261.95, chrome: {chromedriverVersion: 122.0.6261.94 (880dbf29479c..., userDataDir: C:\Users\personal\AppData\L...}, fedcm:accounts: true, goog:chromeOptions: {debuggerAddress: localhost:56979}, networkConnectionEnabled: false, pageLoadStrategy: normal, platformName: windows, proxy: Proxy(), se:cdp: ws://localhost:56979/devtoo..., se:cdpVersion: 122.0.6261.95, setWindowRect: true, strictFileInteractability: false, timeouts: {implicit: 0, pageLoad: 300000, script: 30000}, unhandledPromptBehavior: dismiss and notify, webauthn:extension:credBlob: true, webauthn:extension:largeBlob: true, webauthn:extension:minPinLength: true, webauthn:extension:prf: true, webauthn:virtualAuthenticators: true}
Session ID: 48eb681b0df2536f2b9f8ae8f1178236
	at java.base/jdk.internal.reflect.DirectConstructorHandleAccessor.newInstance(DirectConstructorHandleAccessor.java:62)
	at java.base/java.lang.reflect.Constructor.newInstanceWithCaller(Constructor.java:502)
	at java.base/java.lang.reflect.Constructor.newInstance(Constructor.java:486)
	at org.openqa.selenium.remote.ErrorCodec.decode(ErrorCodec.java:167)
	at org.openqa.selenium.remote.codec.w3c.W3CHttpResponseCodec.decode(W3CHttpResponseCodec.java:138)
	at org.openqa.selenium.remote.codec.w3c.W3CHttpResponseCodec.decode(W3CHttpResponseCodec.java:50)
	at org.openqa.selenium.remote.HttpCommandExecutor.execute(HttpCommandExecutor.java:190)
	at org.openqa.selenium.remote.service.DriverCommandExecutor.invokeExecute(DriverCommandExecutor.java:216)
	at org.openqa.selenium.remote.service.DriverCommandExecutor.execute(DriverCommandExecutor.java:174)
	at org.openqa.selenium.remote.RemoteWebDriver.execute(RemoteWebDriver.java:519)
	at org.openqa.selenium.remote.ElementLocation$ElementFinder$2.findElement(ElementLocation.java:165)
	at org.openqa.selenium.remote.ElementLocation.findElement(ElementLocation.java:59)
	at org.openqa.selenium.remote.RemoteWebDriver.findElement(RemoteWebDriver.java:356)
	at org.openqa.selenium.remote.RemoteWebDriver.findElement(RemoteWebDriver.java:350)
	at Hooks.HooksCart.user_click_button_delete_product(HooksCart.java:173)
	at ✽.User click button delete product(file:///D:/QA-Portfolio/src/test/resources/features/Cart.feature:50)
</textarea>
      
      </div>
              </div>
              <div class="step skip-bg" title="Hooks.HooksCart.user_get_confirmation_modal()">
                <span>Then User get confirmation modal</span>
      <div>Step skipped
      </div>
              </div>
              <div class="step skip-bg" title="Hooks.HooksCart.user_click_button_cancel()">
                <span>And User click button Cancel</span>
      <div>Step skipped
      </div>
              </div>
          </div>
        </div>
  </div>
  <div class="card">
    <div class="card-header" role="tab">
      <div class="card-title">
        <div class="node" id="52"><span class="badge log fail-bg mr-2">Fail</span>User success delete product from cart</div>
      </div>
    </div>
        <div class="">
          <div class="card-body">
              <div class="step pass-bg" title="Hooks.HooksCart.user_in_homepage()">
                <span>Given User in homepage</span>
      <div>
      </div>
              </div>
              <div class="step pass-bg" title="Hooks.HooksCart.user_click_button_cart()">
                <span>Then User click button Cart</span>
      <div>
      </div>
              </div>
              <div class="step fail-bg" title="Hooks.HooksCart.user_click_button_delete_product()">
                <span>And User click button delete product</span>
      <div>
        <textarea disabled class="code-block">org.openqa.selenium.NoSuchElementException: no such element: Unable to locate element: {"method":"xpath","selector":"//a[@title='Remove item']"}
  (Session info: chrome=122.0.6261.95)
For documentation on this error, please visit: https://www.selenium.dev/documentation/webdriver/troubleshooting/errors#no-such-element-exception
Build info: version: '4.18.1', revision: 'b1d3319b48'
System info: os.name: 'Windows 10', os.arch: 'amd64', os.version: '10.0', java.version: '21.0.1'
Driver info: org.openqa.selenium.chrome.ChromeDriver
Command: [3a0a272f939c49e14043230c97ce48ff, findElement {using=xpath, value=//a[@title='Remove item']}]
Capabilities {acceptInsecureCerts: false, browserName: chrome, browserVersion: 122.0.6261.95, chrome: {chromedriverVersion: 122.0.6261.94 (880dbf29479c..., userDataDir: C:\Users\personal\AppData\L...}, fedcm:accounts: true, goog:chromeOptions: {debuggerAddress: localhost:57014}, networkConnectionEnabled: false, pageLoadStrategy: normal, platformName: windows, proxy: Proxy(), se:cdp: ws://localhost:57014/devtoo..., se:cdpVersion: 122.0.6261.95, setWindowRect: true, strictFileInteractability: false, timeouts: {implicit: 0, pageLoad: 300000, script: 30000}, unhandledPromptBehavior: dismiss and notify, webauthn:extension:credBlob: true, webauthn:extension:largeBlob: true, webauthn:extension:minPinLength: true, webauthn:extension:prf: true, webauthn:virtualAuthenticators: true}
Session ID: 3a0a272f939c49e14043230c97ce48ff
	at java.base/jdk.internal.reflect.DirectConstructorHandleAccessor.newInstance(DirectConstructorHandleAccessor.java:62)
	at java.base/java.lang.reflect.Constructor.newInstanceWithCaller(Constructor.java:502)
	at java.base/java.lang.reflect.Constructor.newInstance(Constructor.java:486)
	at org.openqa.selenium.remote.ErrorCodec.decode(ErrorCodec.java:167)
	at org.openqa.selenium.remote.codec.w3c.W3CHttpResponseCodec.decode(W3CHttpResponseCodec.java:138)
	at org.openqa.selenium.remote.codec.w3c.W3CHttpResponseCodec.decode(W3CHttpResponseCodec.java:50)
	at org.openqa.selenium.remote.HttpCommandExecutor.execute(HttpCommandExecutor.java:190)
	at org.openqa.selenium.remote.service.DriverCommandExecutor.invokeExecute(DriverCommandExecutor.java:216)
	at org.openqa.selenium.remote.service.DriverCommandExecutor.execute(DriverCommandExecutor.java:174)
	at org.openqa.selenium.remote.RemoteWebDriver.execute(RemoteWebDriver.java:519)
	at org.openqa.selenium.remote.ElementLocation$ElementFinder$2.findElement(ElementLocation.java:165)
	at org.openqa.selenium.remote.ElementLocation.findElement(ElementLocation.java:59)
	at org.openqa.selenium.remote.RemoteWebDriver.findElement(RemoteWebDriver.java:356)
	at org.openqa.selenium.remote.RemoteWebDriver.findElement(RemoteWebDriver.java:350)
	at Hooks.HooksCart.user_click_button_delete_product(HooksCart.java:173)
	at ✽.User click button delete product(file:///D:/QA-Portfolio/src/test/resources/features/Cart.feature:58)
</textarea>
      
      </div>
              </div>
              <div class="step skip-bg" title="Hooks.HooksCart.user_get_confirmation_modal()">
                <span>Then User get confirmation modal</span>
      <div>Step skipped
      </div>
              </div>
              <div class="step skip-bg" title="Hooks.HooksCart.user_click_button_ok()">
                <span>And User click button Ok</span>
      <div>Step skipped
      </div>
              </div>
          </div>
        </div>
  </div>
</div>
          </div>
        </li>
      </ul>
    </div>
  </div>
<div class="test-content scrollable">
<div class="test-content-tools">
<ul><li><a class="back-to-test" href="#"><i class="fa fa-arrow-left"></i></a></li></ul>
</div>
<div class="test-content-detail"><div class="detail-body"></div></div>
</div></div>
<div class="test-wrapper row view category-view attributes-view">
<div class="test-list">
<div class="test-list-tools">
<ul class="tools pull-left"><li><a href=""><span class="font-size-14">Category</span></a></li></ul>
<ul class="tools text-right"><li><a href="#"><span class="badge badge-primary">8</span></a></li></ul>
</div>
<div class="test-list-wrapper scrollable">
<ul class="test-list-item">
<li class="test-item">
<div class="test-detail">
<span class="meta">
<span class='badge log pass-bg'>1</span>
<span class='badge log badge-danger'>6</span>
</span>
<p class="name">@cart</p>
<p class="duration text-sm">7 tests</p>
</div>
<div class="test-contents d-none">
<div class="info">
<h4>@cart</h4>
<span status="pass" class='badge log pass-bg'>1 passed</span>
<span status="fail" class='badge log badge-danger'>6 failed</span>
</div>
<table class='table table-sm mt-4'>
<thead>
<tr>
<th class="status-col">Status</th>
<th class="timestamp-col">Timestamp</th>
<th>TestName</th>
</tr>
</thead>
<tbody>
<tr class="tag-test-status" status="fail">
<td><span class="badge log fail-bg">Fail</span></td>
<td>10:21:19 am</td>
<td>
<a href="#" class="linked" test-id='1' id='2'>User successfully add product to cart</a>
<div class="">
<span class="badge badge-default">Add to Cart, View Detail Cart, Edit Cart and Delete Cart.User successfully add product to cart</span>
</div>
</td>
</tr>
<tr class="tag-test-status" status="pass">
<td><span class="badge log pass-bg">Pass</span></td>
<td>10:21:28 am</td>
<td>
<a href="#" class="linked" test-id='1' id='11'>User failed add product to cart - Didn't choose option</a>
<div class="">
<span class="badge badge-default">Add to Cart, View Detail Cart, Edit Cart and Delete Cart.User failed add product to cart - Didn't choose option</span>
</div>
</td>
</tr>
<tr class="tag-test-status" status="fail">
<td><span class="badge log fail-bg">Fail</span></td>
<td>10:21:40 am</td>
<td>
<a href="#" class="linked" test-id='1' id='20'>User view detail cart</a>
<div class="">
<span class="badge badge-default">Add to Cart, View Detail Cart, Edit Cart and Delete Cart.User view detail cart</span>
</div>
</td>
</tr>
<tr class="tag-test-status" status="fail">
<td><span class="badge log fail-bg">Fail</span></td>
<td>10:21:50 am</td>
<td>
<a href="#" class="linked" test-id='1' id='27'>User success edit cart</a>
<div class="">
<span class="badge badge-default">Add to Cart, View Detail Cart, Edit Cart and Delete Cart.User success edit cart</span>
</div>
</td>
</tr>
<tr class="tag-test-status" status="fail">
<td><span class="badge log fail-bg">Fail</span></td>
<td>10:21:59 am</td>
<td>
<a href="#" class="linked" test-id='1' id='36'>User failed edit cart - Didn't choose option</a>
<div class="">
<span class="badge badge-default">Add to Cart, View Detail Cart, Edit Cart and Delete Cart.User failed edit cart - Didn't choose option</span>
</div>
</td>
</tr>
<tr class="tag-test-status" status="fail">
<td><span class="badge log fail-bg">Fail</span></td>
<td>10:22:09 am</td>
<td>
<a href="#" class="linked" test-id='1' id='44'>User cancel delete product from cart</a>
<div class="">
<span class="badge badge-default">Add to Cart, View Detail Cart, Edit Cart and Delete Cart.User cancel delete product from cart</span>
</div>
</td>
</tr>
<tr class="tag-test-status" status="fail">
<td><span class="badge log fail-bg">Fail</span></td>
<td>10:22:18 am</td>
<td>
<a href="#" class="linked" test-id='1' id='52'>User success delete product from cart</a>
<div class="">
<span class="badge badge-default">Add to Cart, View Detail Cart, Edit Cart and Delete Cart.User success delete product from cart</span>
</div>
</td>
</tr>
</tbody>
</table>
</div>
</li>
<li class="test-item">
<div class="test-detail">
<span class="meta">
<span class='badge log pass-bg'>1</span>
<span class='badge log badge-danger'>6</span>
</span>
<p class="name">@All</p>
<p class="duration text-sm">7 tests</p>
</div>
<div class="test-contents d-none">
<div class="info">
<h4>@All</h4>
<span status="pass" class='badge log pass-bg'>1 passed</span>
<span status="fail" class='badge log badge-danger'>6 failed</span>
</div>
<table class='table table-sm mt-4'>
<thead>
<tr>
<th class="status-col">Status</th>
<th class="timestamp-col">Timestamp</th>
<th>TestName</th>
</tr>
</thead>
<tbody>
<tr class="tag-test-status" status="fail">
<td><span class="badge log fail-bg">Fail</span></td>
<td>10:21:19 am</td>
<td>
<a href="#" class="linked" test-id='1' id='2'>User successfully add product to cart</a>
<div class="">
<span class="badge badge-default">Add to Cart, View Detail Cart, Edit Cart and Delete Cart.User successfully add product to cart</span>
</div>
</td>
</tr>
<tr class="tag-test-status" status="pass">
<td><span class="badge log pass-bg">Pass</span></td>
<td>10:21:28 am</td>
<td>
<a href="#" class="linked" test-id='1' id='11'>User failed add product to cart - Didn't choose option</a>
<div class="">
<span class="badge badge-default">Add to Cart, View Detail Cart, Edit Cart and Delete Cart.User failed add product to cart - Didn't choose option</span>
</div>
</td>
</tr>
<tr class="tag-test-status" status="fail">
<td><span class="badge log fail-bg">Fail</span></td>
<td>10:21:40 am</td>
<td>
<a href="#" class="linked" test-id='1' id='20'>User view detail cart</a>
<div class="">
<span class="badge badge-default">Add to Cart, View Detail Cart, Edit Cart and Delete Cart.User view detail cart</span>
</div>
</td>
</tr>
<tr class="tag-test-status" status="fail">
<td><span class="badge log fail-bg">Fail</span></td>
<td>10:21:50 am</td>
<td>
<a href="#" class="linked" test-id='1' id='27'>User success edit cart</a>
<div class="">
<span class="badge badge-default">Add to Cart, View Detail Cart, Edit Cart and Delete Cart.User success edit cart</span>
</div>
</td>
</tr>
<tr class="tag-test-status" status="fail">
<td><span class="badge log fail-bg">Fail</span></td>
<td>10:21:59 am</td>
<td>
<a href="#" class="linked" test-id='1' id='36'>User failed edit cart - Didn't choose option</a>
<div class="">
<span class="badge badge-default">Add to Cart, View Detail Cart, Edit Cart and Delete Cart.User failed edit cart - Didn't choose option</span>
</div>
</td>
</tr>
<tr class="tag-test-status" status="fail">
<td><span class="badge log fail-bg">Fail</span></td>
<td>10:22:09 am</td>
<td>
<a href="#" class="linked" test-id='1' id='44'>User cancel delete product from cart</a>
<div class="">
<span class="badge badge-default">Add to Cart, View Detail Cart, Edit Cart and Delete Cart.User cancel delete product from cart</span>
</div>
</td>
</tr>
<tr class="tag-test-status" status="fail">
<td><span class="badge log fail-bg">Fail</span></td>
<td>10:22:18 am</td>
<td>
<a href="#" class="linked" test-id='1' id='52'>User success delete product from cart</a>
<div class="">
<span class="badge badge-default">Add to Cart, View Detail Cart, Edit Cart and Delete Cart.User success delete product from cart</span>
</div>
</td>
</tr>
</tbody>
</table>
</div>
</li>
<li class="test-item">
<div class="test-detail">
<span class="meta">
<span class='badge log badge-danger'>3</span>
</span>
<p class="name">@positive</p>
<p class="duration text-sm">3 tests</p>
</div>
<div class="test-contents d-none">
<div class="info">
<h4>@positive</h4>
<span status="fail" class='badge log badge-danger'>3 failed</span>
</div>
<table class='table table-sm mt-4'>
<thead>
<tr>
<th class="status-col">Status</th>
<th class="timestamp-col">Timestamp</th>
<th>TestName</th>
</tr>
</thead>
<tbody>
<tr class="tag-test-status" status="fail">
<td><span class="badge log fail-bg">Fail</span></td>
<td>10:21:19 am</td>
<td>
<a href="#" class="linked" test-id='1' id='2'>User successfully add product to cart</a>
<div class="">
<span class="badge badge-default">Add to Cart, View Detail Cart, Edit Cart and Delete Cart.User successfully add product to cart</span>
</div>
</td>
</tr>
<tr class="tag-test-status" status="fail">
<td><span class="badge log fail-bg">Fail</span></td>
<td>10:21:50 am</td>
<td>
<a href="#" class="linked" test-id='1' id='27'>User success edit cart</a>
<div class="">
<span class="badge badge-default">Add to Cart, View Detail Cart, Edit Cart and Delete Cart.User success edit cart</span>
</div>
</td>
</tr>
<tr class="tag-test-status" status="fail">
<td><span class="badge log fail-bg">Fail</span></td>
<td>10:22:18 am</td>
<td>
<a href="#" class="linked" test-id='1' id='52'>User success delete product from cart</a>
<div class="">
<span class="badge badge-default">Add to Cart, View Detail Cart, Edit Cart and Delete Cart.User success delete product from cart</span>
</div>
</td>
</tr>
</tbody>
</table>
</div>
</li>
<li class="test-item">
<div class="test-detail">
<span class="meta">
<span class='badge log pass-bg'>1</span>
<span class='badge log badge-danger'>2</span>
</span>
<p class="name">@negative</p>
<p class="duration text-sm">3 tests</p>
</div>
<div class="test-contents d-none">
<div class="info">
<h4>@negative</h4>
<span status="pass" class='badge log pass-bg'>1 passed</span>
<span status="fail" class='badge log badge-danger'>2 failed</span>
</div>
<table class='table table-sm mt-4'>
<thead>
<tr>
<th class="status-col">Status</th>
<th class="timestamp-col">Timestamp</th>
<th>TestName</th>
</tr>
</thead>
<tbody>
<tr class="tag-test-status" status="pass">
<td><span class="badge log pass-bg">Pass</span></td>
<td>10:21:28 am</td>
<td>
<a href="#" class="linked" test-id='1' id='11'>User failed add product to cart - Didn't choose option</a>
<div class="">
<span class="badge badge-default">Add to Cart, View Detail Cart, Edit Cart and Delete Cart.User failed add product to cart - Didn't choose option</span>
</div>
</td>
</tr>
<tr class="tag-test-status" status="fail">
<td><span class="badge log fail-bg">Fail</span></td>
<td>10:21:59 am</td>
<td>
<a href="#" class="linked" test-id='1' id='36'>User failed edit cart - Didn't choose option</a>
<div class="">
<span class="badge badge-default">Add to Cart, View Detail Cart, Edit Cart and Delete Cart.User failed edit cart - Didn't choose option</span>
</div>
</td>
</tr>
<tr class="tag-test-status" status="fail">
<td><span class="badge log fail-bg">Fail</span></td>
<td>10:22:09 am</td>
<td>
<a href="#" class="linked" test-id='1' id='44'>User cancel delete product from cart</a>
<div class="">
<span class="badge badge-default">Add to Cart, View Detail Cart, Edit Cart and Delete Cart.User cancel delete product from cart</span>
</div>
</td>
</tr>
</tbody>
</table>
</div>
</li>
<li class="test-item">
<div class="test-detail">
<span class="meta">
<span class='badge log badge-danger'>2</span>
</span>
<p class="name">@edit</p>
<p class="duration text-sm">2 tests</p>
</div>
<div class="test-contents d-none">
<div class="info">
<h4>@edit</h4>
<span status="fail" class='badge log badge-danger'>2 failed</span>
</div>
<table class='table table-sm mt-4'>
<thead>
<tr>
<th class="status-col">Status</th>
<th class="timestamp-col">Timestamp</th>
<th>TestName</th>
</tr>
</thead>
<tbody>
<tr class="tag-test-status" status="fail">
<td><span class="badge log fail-bg">Fail</span></td>
<td>10:21:50 am</td>
<td>
<a href="#" class="linked" test-id='1' id='27'>User success edit cart</a>
<div class="">
<span class="badge badge-default">Add to Cart, View Detail Cart, Edit Cart and Delete Cart.User success edit cart</span>
</div>
</td>
</tr>
<tr class="tag-test-status" status="fail">
<td><span class="badge log fail-bg">Fail</span></td>
<td>10:21:59 am</td>
<td>
<a href="#" class="linked" test-id='1' id='36'>User failed edit cart - Didn't choose option</a>
<div class="">
<span class="badge badge-default">Add to Cart, View Detail Cart, Edit Cart and Delete Cart.User failed edit cart - Didn't choose option</span>
</div>
</td>
</tr>
</tbody>
</table>
</div>
</li>
<li class="test-item">
<div class="test-detail">
<span class="meta">
<span class='badge log badge-danger'>1</span>
</span>
<p class="name">@view</p>
<p class="duration text-sm">1 tests</p>
</div>
<div class="test-contents d-none">
<div class="info">
<h4>@view</h4>
<span status="fail" class='badge log badge-danger'>1 failed</span>
</div>
<table class='table table-sm mt-4'>
<thead>
<tr>
<th class="status-col">Status</th>
<th class="timestamp-col">Timestamp</th>
<th>TestName</th>
</tr>
</thead>
<tbody>
<tr class="tag-test-status" status="fail">
<td><span class="badge log fail-bg">Fail</span></td>
<td>10:21:40 am</td>
<td>
<a href="#" class="linked" test-id='1' id='20'>User view detail cart</a>
<div class="">
<span class="badge badge-default">Add to Cart, View Detail Cart, Edit Cart and Delete Cart.User view detail cart</span>
</div>
</td>
</tr>
</tbody>
</table>
</div>
</li>
<li class="test-item">
<div class="test-detail">
<span class="meta">
<span class='badge log badge-danger'>2</span>
</span>
<p class="name">@delete</p>
<p class="duration text-sm">2 tests</p>
</div>
<div class="test-contents d-none">
<div class="info">
<h4>@delete</h4>
<span status="fail" class='badge log badge-danger'>2 failed</span>
</div>
<table class='table table-sm mt-4'>
<thead>
<tr>
<th class="status-col">Status</th>
<th class="timestamp-col">Timestamp</th>
<th>TestName</th>
</tr>
</thead>
<tbody>
<tr class="tag-test-status" status="fail">
<td><span class="badge log fail-bg">Fail</span></td>
<td>10:22:09 am</td>
<td>
<a href="#" class="linked" test-id='1' id='44'>User cancel delete product from cart</a>
<div class="">
<span class="badge badge-default">Add to Cart, View Detail Cart, Edit Cart and Delete Cart.User cancel delete product from cart</span>
</div>
</td>
</tr>
<tr class="tag-test-status" status="fail">
<td><span class="badge log fail-bg">Fail</span></td>
<td>10:22:18 am</td>
<td>
<a href="#" class="linked" test-id='1' id='52'>User success delete product from cart</a>
<div class="">
<span class="badge badge-default">Add to Cart, View Detail Cart, Edit Cart and Delete Cart.User success delete product from cart</span>
</div>
</td>
</tr>
</tbody>
</table>
</div>
</li>
<li class="test-item">
<div class="test-detail">
<span class="meta">
<span class='badge log pass-bg'>1</span>
<span class='badge log badge-danger'>1</span>
</span>
<p class="name">@add</p>
<p class="duration text-sm">2 tests</p>
</div>
<div class="test-contents d-none">
<div class="info">
<h4>@add</h4>
<span status="pass" class='badge log pass-bg'>1 passed</span>
<span status="fail" class='badge log badge-danger'>1 failed</span>
</div>
<table class='table table-sm mt-4'>
<thead>
<tr>
<th class="status-col">Status</th>
<th class="timestamp-col">Timestamp</th>
<th>TestName</th>
</tr>
</thead>
<tbody>
<tr class="tag-test-status" status="fail">
<td><span class="badge log fail-bg">Fail</span></td>
<td>10:21:19 am</td>
<td>
<a href="#" class="linked" test-id='1' id='2'>User successfully add product to cart</a>
<div class="">
<span class="badge badge-default">Add to Cart, View Detail Cart, Edit Cart and Delete Cart.User successfully add product to cart</span>
</div>
</td>
</tr>
<tr class="tag-test-status" status="pass">
<td><span class="badge log pass-bg">Pass</span></td>
<td>10:21:28 am</td>
<td>
<a href="#" class="linked" test-id='1' id='11'>User failed add product to cart - Didn't choose option</a>
<div class="">
<span class="badge badge-default">Add to Cart, View Detail Cart, Edit Cart and Delete Cart.User failed add product to cart - Didn't choose option</span>
</div>
</td>
</tr>
</tbody>
</table>
</div>
</li>
</ul>
</div>
</div>
<div class="test-content scrollable">
<div class="test-content-detail">
<div class="detail-body"></div>
</div>
</div>
</div><div class="test-wrapper row view exception-view attributes-view">
<div class="test-list">
<div class="test-list-tools">
<ul class="tools pull-left"><li><a href=""><span class="font-size-14">Exception</span></a></li></ul>
<ul class="tools text-right"><li><a href="#"><span class="badge badge-primary">2</span></a></li></ul>
</div>
<div class="test-list-wrapper scrollable">
<ul class="test-list-item">
<li class="test-item">
<div class="test-detail">
<span class="meta">
<span class='badge log badge-danger'>5</span>
</span>
<p class="name">org.openqa.selenium.NoSuchElementException</p>
<p class="duration text-sm">5 tests</p>
</div>
<div class="test-contents d-none">
<div class="info">
<h4>org.openqa.selenium.NoSuchElementException</h4>
<span status="fail" class='badge log badge-danger'>5 failed</span>
</div>
<table class='table table-sm mt-4'>
<thead>
<tr>
<th class="status-col">Status</th>
<th class="timestamp-col">Timestamp</th>
<th>TestName</th>
</tr>
</thead>
<tbody>
<tr class="tag-test-status" status="fail">
<td><span class="badge log fail-bg">Fail</span></td>
<td>10:21:50 am</td>
<td>
<a href="#" class="linked" test-id='1' id='24'>And User click button View and Edit Cart</a>
<div class="">
<span class="badge badge-default">Add to Cart, View Detail Cart, Edit Cart and Delete Cart.User view detail cart.And User click button View and Edit Cart</span>
</div>
</td>
</tr>
<tr class="tag-test-status" status="fail">
<td><span class="badge log fail-bg">Fail</span></td>
<td>10:21:59 am</td>
<td>
<a href="#" class="linked" test-id='1' id='31'>And User click button Edit product</a>
<div class="">
<span class="badge badge-default">Add to Cart, View Detail Cart, Edit Cart and Delete Cart.User success edit cart.And User click button Edit product</span>
</div>
</td>
</tr>
<tr class="tag-test-status" status="fail">
<td><span class="badge log fail-bg">Fail</span></td>
<td>10:22:09 am</td>
<td>
<a href="#" class="linked" test-id='1' id='40'>And User click button Edit product</a>
<div class="">
<span class="badge badge-default">Add to Cart, View Detail Cart, Edit Cart and Delete Cart.User failed edit cart - Didn't choose option.And User click button Edit product</span>
</div>
</td>
</tr>
<tr class="tag-test-status" status="fail">
<td><span class="badge log fail-bg">Fail</span></td>
<td>10:22:18 am</td>
<td>
<a href="#" class="linked" test-id='1' id='48'>And User click button delete product</a>
<div class="">
<span class="badge badge-default">Add to Cart, View Detail Cart, Edit Cart and Delete Cart.User cancel delete product from cart.And User click button delete product</span>
</div>
</td>
</tr>
<tr class="tag-test-status" status="fail">
<td><span class="badge log fail-bg">Fail</span></td>
<td>10:22:27 am</td>
<td>
<a href="#" class="linked" test-id='1' id='56'>And User click button delete product</a>
<div class="">
<span class="badge badge-default">Add to Cart, View Detail Cart, Edit Cart and Delete Cart.User success delete product from cart.And User click button delete product</span>
</div>
</td>
</tr>
</tbody>
</table>
</div>
</li>
<li class="test-item">
<div class="test-detail">
<span class="meta">
<span class='badge log badge-danger'>1</span>
</span>
<p class="name">org.openqa.selenium.ElementNotInteractableException</p>
<p class="duration text-sm">1 tests</p>
</div>
<div class="test-contents d-none">
<div class="info">
<h4>org.openqa.selenium.ElementNotInteractableException</h4>
<span status="fail" class='badge log badge-danger'>1 failed</span>
</div>
<table class='table table-sm mt-4'>
<thead>
<tr>
<th class="status-col">Status</th>
<th class="timestamp-col">Timestamp</th>
<th>TestName</th>
</tr>
</thead>
<tbody>
<tr class="tag-test-status" status="fail">
<td><span class="badge log fail-bg">Fail</span></td>
<td>10:21:28 am</td>
<td>
<a href="#" class="linked" test-id='1' id='8'>And User click button add to Cart</a>
<div class="">
<span class="badge badge-default">Add to Cart, View Detail Cart, Edit Cart and Delete Cart.User successfully add product to cart.And User click button add to Cart</span>
</div>
</td>
</tr>
</tbody>
</table>
</div>
</li>
</ul>
</div>
</div>
<div class="test-content scrollable">
<div class="test-content-detail">
<div class="detail-body"></div>
</div>
</div>
</div>        </div>
      </div>
    </div>
  </div>
<script src="https://cdn.jsdelivr.net/gh/extent-framework/extent-github-cdn@ce8b10435bcbae260c334c0d0c6b61d2c19b6168/spark/js/spark-script.js"></script>
<script type="text/javascript"></script></body>
</html>